\BOOKMARK [1][-]{section.1}{Introduction}{}% 1
\BOOKMARK [2][-]{subsection.1.1}{Style}{section.1}% 2
\BOOKMARK [2][-]{subsection.1.2}{Retrieval of style files}{section.1}% 3
\BOOKMARK [1][-]{section.2}{General formatting instructions}{}% 4
\BOOKMARK [1][-]{section.3}{Notations}{}% 5
\BOOKMARK [2][-]{subsection.3.1}{inducing points method}{section.3}% 6
\BOOKMARK [3][-]{subsubsection.3.1.1}{Latent variable model}{subsection.3.1}% 7
\BOOKMARK [2][-]{subsection.3.2}{Random feature sampling}{section.3}% 8
\BOOKMARK [2][-]{subsection.3.3}{Random feature sampling}{section.3}% 9
\BOOKMARK [1][-]{section.4}{Our Modell}{}% 10
\BOOKMARK [2][-]{subsection.4.1}{Variational inference}{section.4}% 11
\BOOKMARK [3][-]{subsubsection.4.1.1}{Variational inference for supervised Model}{subsection.4.1}% 12
\BOOKMARK [2][-]{subsection.4.2}{MMD penalty for domain invariant features}{section.4}% 13
\BOOKMARK [2][-]{subsection.4.3}{Adding gaussian process layers}{section.4}% 14
\BOOKMARK [2][-]{subsection.4.4}{Inference}{section.4}% 15
\BOOKMARK [1][-]{section.5}{Experiments}{}% 16
\BOOKMARK [2][-]{subsection.5.1}{Regression}{section.5}% 17
\BOOKMARK [2][-]{subsection.5.2}{Classification}{section.5}% 18
\BOOKMARK [2][-]{subsection.5.3}{MMD penalty for domain invariant features}{section.5}% 19
\BOOKMARK [1][-]{section.6}{Feed forward deep student t process}{}% 20
\BOOKMARK [1][-]{section.7}{Model}{}% 21
\BOOKMARK [2][-]{subsection.7.1}{Approximation using Random fourie feature}{section.7}% 22
\BOOKMARK [2][-]{subsection.7.2}{Approximation using inducing points}{section.7}% 23
\BOOKMARK [2][-]{subsection.7.3}{MMD penalty for domain invariant features}{section.7}% 24
\BOOKMARK [2][-]{subsection.7.4}{Adding student t process layers}{section.7}% 25
\BOOKMARK [2][-]{subsection.7.5}{Inference}{section.7}% 26
\BOOKMARK [1][-]{section.8}{Our Model}{}% 27
\BOOKMARK [2][-]{subsection.8.1}{Headings: second level}{section.8}% 28
\BOOKMARK [3][-]{subsubsection.8.1.1}{Headings: third level}{subsection.8.1}% 29
\BOOKMARK [1][-]{section.9}{Citations, figures, tables, references}{}% 30
\BOOKMARK [2][-]{subsection.9.1}{Citations within the text}{section.9}% 31
\BOOKMARK [2][-]{subsection.9.2}{Footnotes}{section.9}% 32
\BOOKMARK [2][-]{subsection.9.3}{Figures}{section.9}% 33
\BOOKMARK [2][-]{subsection.9.4}{Tables}{section.9}% 34
\BOOKMARK [1][-]{section.10}{Final instructions}{}% 35
\BOOKMARK [1][-]{section.11}{Preparing PDF files}{}% 36
\BOOKMARK [2][-]{subsection.11.1}{Margins in LaTeX}{section.11}% 37
